[19:29:35] [Server thread/INFO]: Starting minecraft server version 1.11.2
[19:29:35] [Server console handler/ERROR]: Exception handling console input
java.io.IOException: The handle is invalid
	at java.io.FileInputStream.readBytes(Native Method) ~[?:1.8.0_101]
	at java.io.FileInputStream.read(Unknown Source) ~[?:1.8.0_101]
	at java.io.BufferedInputStream.read1(Unknown Source) ~[?:1.8.0_101]
	at java.io.BufferedInputStream.read(Unknown Source) ~[?:1.8.0_101]
	at sun.nio.cs.StreamDecoder.readBytes(Unknown Source) ~[?:1.8.0_101]
	at sun.nio.cs.StreamDecoder.implRead(Unknown Source) ~[?:1.8.0_101]
	at sun.nio.cs.StreamDecoder.read(Unknown Source) ~[?:1.8.0_101]
	at java.io.InputStreamReader.read(Unknown Source) ~[?:1.8.0_101]
	at java.io.BufferedReader.fill(Unknown Source) ~[?:1.8.0_101]
	at java.io.BufferedReader.readLine(Unknown Source) ~[?:1.8.0_101]
	at java.io.BufferedReader.readLine(Unknown Source) ~[?:1.8.0_101]
	at lh$2.run(SourceFile:95) [minecraft_server.1.11.2.jar:?]
[19:29:35] [Server thread/INFO]: Loading properties
[19:29:35] [Server thread/INFO]: Default game type: SURVIVAL
[19:29:35] [Server thread/INFO]: Generating keypair
[19:29:35] [Server thread/INFO]: Starting Minecraft server on *:25565
[19:29:35] [Server thread/INFO]: Using default channel type
[19:29:35] [Server thread/INFO]: Preparing level "world"
[19:29:35] [Server thread/INFO]: Preparing start region for level 0
[19:29:36] [Server thread/INFO]: Preparing spawn area: 82%
[19:29:37] [Server thread/INFO]: Done (1.222s)! For help, type "help" or "?"
[19:51:47] [Server thread/INFO]: Stopping the server
[19:51:47] [Server thread/INFO]: Stopping server
[19:51:47] [Server thread/INFO]: Saving players
[19:51:47] [Server thread/INFO]: Saving worlds
[19:51:47] [Server thread/INFO]: Saving chunks for level 'world'/Overworld
[19:51:47] [Server thread/INFO]: Saving chunks for level 'world'/Nether
[19:51:47] [Server thread/INFO]: Saving chunks for level 'world'/The End
[19:51:47] [Server Shutdown Thread/INFO]: Stopping server
